0 info it worked if it ends with ok
1 verbose cli [ '/usr/local/bin/node', '/usr/local/bin/npm', 'start' ]
2 info using npm@3.10.10
3 info using node@v7.2.1
4 verbose run-script [ 'prestart', 'start', 'poststart' ]
5 info lifecycle streaming-webrtc@~prestart: streaming-webrtc@
6 silly lifecycle streaming-webrtc@~prestart: no script for prestart, continuing
7 info lifecycle streaming-webrtc@~start: streaming-webrtc@
8 verbose lifecycle streaming-webrtc@~start: unsafe-perm in lifecycle true
9 verbose lifecycle streaming-webrtc@~start: PATH: /usr/local/lib/node_modules/npm/bin/node-gyp-bin:/Users/Tom/IdeaProjects/streaming-webrtc/node_modules/.bin:/Library/Frameworks/Python.framework/Versions/3.5/bin:/usr/local/bin:/usr/bin:/bin:/usr/sbin:/sbin:/usr/local/mysql/bin:/usr/local/mysql/bin
10 verbose lifecycle streaming-webrtc@~start: CWD: /Users/Tom/IdeaProjects/streaming-webrtc
11 silly lifecycle streaming-webrtc@~start: Args: [ '-c', 'node server.js' ]
12 silly lifecycle streaming-webrtc@~start: Returned: code: 1  signal: null
13 info lifecycle streaming-webrtc@~start: Failed to exec start script
14 verbose stack Error: streaming-webrtc@ start: `node server.js`
14 verbose stack Exit status 1
14 verbose stack     at EventEmitter.<anonymous> (/usr/local/lib/node_modules/npm/lib/utils/lifecycle.js:255:16)
14 verbose stack     at emitTwo (events.js:106:13)
14 verbose stack     at EventEmitter.emit (events.js:191:7)
14 verbose stack     at ChildProcess.<anonymous> (/usr/local/lib/node_modules/npm/lib/utils/spawn.js:40:14)
14 verbose stack     at emitTwo (events.js:106:13)
14 verbose stack     at ChildProcess.emit (events.js:191:7)
14 verbose stack     at maybeClose (internal/child_process.js:885:16)
14 verbose stack     at Process.ChildProcess._handle.onexit (internal/child_process.js:226:5)
15 verbose pkgid streaming-webrtc@
16 verbose cwd /Users/Tom/IdeaProjects/streaming-webrtc
17 error Darwin 16.3.0
18 error argv "/usr/local/bin/node" "/usr/local/bin/npm" "start"
19 error node v7.2.1
20 error npm  v3.10.10
21 error code ELIFECYCLE
22 error streaming-webrtc@ start: `node server.js`
22 error Exit status 1
23 error Failed at the streaming-webrtc@ start script 'node server.js'.
23 error Make sure you have the latest version of node.js and npm installed.
23 error If you do, this is most likely a problem with the streaming-webrtc package,
23 error not with npm itself.
23 error Tell the author that this fails on your system:
23 error     node server.js
23 error You can get information on how to open an issue for this project with:
23 error     npm bugs streaming-webrtc
23 error Or if that isn't available, you can get their info via:
23 error     npm owner ls streaming-webrtc
23 error There is likely additional logging output above.
24 verbose exit [ 1, true ]
